2025-02-01 11:05:16 [background-preinit] INFO  org.hibernate.validator.internal.util.Version - HV000001: Hibernate Validator 8.0.2.Final
2025-02-01 11:05:16 [main] INFO  com.limes.backend.LimesBackendApplication - Starting LimesBackendApplication using Java 17.0.8 with PID 21304 (C:\Users\Razer\Documents\NetBeansProjects\emese\limes-backend\LimesBackend\target\classes started by Razer in C:\Users\Razer\Documents\NetBeansProjects\emese\limes-backend\LimesBackend)
2025-02-01 11:05:16 [main] INFO  com.limes.backend.LimesBackendApplication - No active profile set, falling back to 1 default profile: "default"
2025-02-01 11:05:17 [main] INFO  org.springframework.boot.web.embedded.tomcat.TomcatWebServer - Tomcat initialized with port 8080 (http)
2025-02-01 11:05:17 [main] INFO  org.apache.coyote.http11.Http11NioProtocol - Initializing ProtocolHandler ["http-nio-8080"]
2025-02-01 11:05:17 [main] INFO  org.apache.catalina.core.StandardService - Starting service [Tomcat]
2025-02-01 11:05:17 [main] INFO  org.apache.catalina.core.StandardEngine - Starting Servlet engine: [Apache Tomcat/10.1.34]
2025-02-01 11:05:17 [main] INFO  org.apache.catalina.core.ContainerBase.[Tomcat].[localhost].[/] - Initializing Spring embedded WebApplicationContext
2025-02-01 11:05:17 [main] INFO  org.springframework.boot.web.servlet.context.ServletWebServerApplicationContext - Root WebApplicationContext: initialization completed in 1309 ms
2025-02-01 11:05:17 [main] INFO  org.apache.coyote.http11.Http11NioProtocol - Starting ProtocolHandler ["http-nio-8080"]
2025-02-01 11:05:18 [main] INFO  org.springframework.boot.web.embedded.tomcat.TomcatWebServer - Tomcat started on port 8080 (http) with context path '/'
2025-02-01 11:05:18 [main] INFO  com.limes.backend.LimesBackendApplication - Started LimesBackendApplication in 2.404 seconds (process running for 3.215)
2025-02-01 11:05:18 [main] INFO  org.hibernate.jpa.internal.util.LogHelper - HHH000204: Processing PersistenceUnitInfo [name: com.limes_LimesBackend_jar_0.0.1-SNAPSHOTPU]
2025-02-01 11:05:18 [main] INFO  org.hibernate.Version - HHH000412: Hibernate ORM core version 6.6.3.Final
2025-02-01 11:05:18 [main] INFO  org.hibernate.cache.internal.RegionFactoryInitiator - HHH000026: Second-level cache disabled
2025-02-01 11:05:18 [main] WARN  org.hibernate.orm.connections.pooling - HHH10001002: Using built-in connection pool (not intended for production use)
2025-02-01 11:05:18 [main] INFO  org.hibernate.orm.connections.pooling - HHH10001005: Database info:
	Database JDBC URL [jdbc:postgresql://192.168.50.70:5432/limes]
	Database driver: org.postgresql.Driver
	Database version: 17.2
	Autocommit mode: false
	Isolation level: undefined/unknown
	Minimum pool size: 1
	Maximum pool size: 20
2025-02-01 11:05:20 [main] INFO  org.hibernate.engine.transaction.jta.platform.internal.JtaPlatformInitiator - HHH000489: No JTA platform available (set 'hibernate.transaction.jta.platform' to enable JTA platform integration)
2025-02-01 11:05:22 [http-nio-8080-exec-2] INFO  org.apache.catalina.core.ContainerBase.[Tomcat].[localhost].[/] - Initializing Spring DispatcherServlet 'dispatcherServlet'
2025-02-01 11:05:22 [http-nio-8080-exec-2] INFO  org.springframework.web.servlet.DispatcherServlet - Initializing Servlet 'dispatcherServlet'
2025-02-01 11:05:22 [http-nio-8080-exec-2] INFO  org.springframework.web.servlet.DispatcherServlet - Completed initialization in 1 ms
2025-02-01 11:15:31 [background-preinit] INFO  org.hibernate.validator.internal.util.Version - HV000001: Hibernate Validator 8.0.2.Final
2025-02-01 11:15:31 [main] INFO  com.limes.backend.LimesBackendApplication - Starting LimesBackendApplication using Java 17.0.8 with PID 4676 (C:\Users\Razer\Documents\NetBeansProjects\emese\limes-backend\LimesBackend\target\classes started by Razer in C:\Users\Razer\Documents\NetBeansProjects\emese\limes-backend\LimesBackend)
2025-02-01 11:15:31 [main] INFO  com.limes.backend.LimesBackendApplication - No active profile set, falling back to 1 default profile: "default"
2025-02-01 11:15:32 [main] INFO  org.springframework.boot.web.embedded.tomcat.TomcatWebServer - Tomcat initialized with port 8080 (http)
2025-02-01 11:15:32 [main] INFO  org.apache.coyote.http11.Http11NioProtocol - Initializing ProtocolHandler ["http-nio-8080"]
2025-02-01 11:15:32 [main] INFO  org.apache.catalina.core.StandardService - Starting service [Tomcat]
2025-02-01 11:15:32 [main] INFO  org.apache.catalina.core.StandardEngine - Starting Servlet engine: [Apache Tomcat/10.1.34]
2025-02-01 11:15:32 [main] INFO  org.apache.catalina.core.ContainerBase.[Tomcat].[localhost].[/] - Initializing Spring embedded WebApplicationContext
2025-02-01 11:15:32 [main] INFO  org.springframework.boot.web.servlet.context.ServletWebServerApplicationContext - Root WebApplicationContext: initialization completed in 1217 ms
2025-02-01 11:15:33 [main] INFO  org.apache.coyote.http11.Http11NioProtocol - Starting ProtocolHandler ["http-nio-8080"]
2025-02-01 11:15:33 [main] INFO  org.springframework.boot.web.embedded.tomcat.TomcatWebServer - Tomcat started on port 8080 (http) with context path '/'
2025-02-01 11:15:33 [main] INFO  com.limes.backend.LimesBackendApplication - Started LimesBackendApplication in 2.171 seconds (process running for 3.013)
2025-02-01 11:15:33 [main] INFO  org.hibernate.jpa.internal.util.LogHelper - HHH000204: Processing PersistenceUnitInfo [name: com.limes_LimesBackend_jar_0.0.1-SNAPSHOTPU]
2025-02-01 11:15:33 [main] INFO  org.hibernate.Version - HHH000412: Hibernate ORM core version 6.6.3.Final
2025-02-01 11:15:33 [main] INFO  org.hibernate.cache.internal.RegionFactoryInitiator - HHH000026: Second-level cache disabled
2025-02-01 11:15:33 [main] WARN  org.hibernate.orm.connections.pooling - HHH10001002: Using built-in connection pool (not intended for production use)
2025-02-01 11:15:34 [main] INFO  org.hibernate.orm.connections.pooling - HHH10001005: Database info:
	Database JDBC URL [jdbc:postgresql://192.168.50.70:5432/limes]
	Database driver: org.postgresql.Driver
	Database version: 17.2
	Autocommit mode: false
	Isolation level: undefined/unknown
	Minimum pool size: 1
	Maximum pool size: 20
2025-02-01 11:15:35 [main] INFO  org.hibernate.engine.transaction.jta.platform.internal.JtaPlatformInitiator - HHH000489: No JTA platform available (set 'hibernate.transaction.jta.platform' to enable JTA platform integration)
2025-02-01 11:15:38 [http-nio-8080-exec-2] INFO  org.apache.catalina.core.ContainerBase.[Tomcat].[localhost].[/] - Initializing Spring DispatcherServlet 'dispatcherServlet'
2025-02-01 11:15:38 [http-nio-8080-exec-2] INFO  org.springframework.web.servlet.DispatcherServlet - Initializing Servlet 'dispatcherServlet'
2025-02-01 11:15:38 [http-nio-8080-exec-2] INFO  org.springframework.web.servlet.DispatcherServlet - Completed initialization in 1 ms
2025-02-01 11:16:06 [background-preinit] INFO  org.hibernate.validator.internal.util.Version - HV000001: Hibernate Validator 8.0.2.Final
2025-02-01 11:16:06 [main] INFO  com.limes.backend.LimesBackendApplication - Starting LimesBackendApplication using Java 17.0.8 with PID 6684 (C:\Users\Razer\Documents\NetBeansProjects\emese\limes-backend\LimesBackend\target\classes started by Razer in C:\Users\Razer\Documents\NetBeansProjects\emese\limes-backend\LimesBackend)
2025-02-01 11:16:06 [main] INFO  com.limes.backend.LimesBackendApplication - No active profile set, falling back to 1 default profile: "default"
2025-02-01 11:16:07 [main] INFO  org.springframework.boot.web.embedded.tomcat.TomcatWebServer - Tomcat initialized with port 8080 (http)
2025-02-01 11:16:07 [main] INFO  org.apache.coyote.http11.Http11NioProtocol - Initializing ProtocolHandler ["http-nio-8080"]
2025-02-01 11:16:07 [main] INFO  org.apache.catalina.core.StandardService - Starting service [Tomcat]
2025-02-01 11:16:07 [main] INFO  org.apache.catalina.core.StandardEngine - Starting Servlet engine: [Apache Tomcat/10.1.34]
2025-02-01 11:16:08 [main] INFO  org.apache.catalina.core.ContainerBase.[Tomcat].[localhost].[/] - Initializing Spring embedded WebApplicationContext
2025-02-01 11:16:08 [main] INFO  org.springframework.boot.web.servlet.context.ServletWebServerApplicationContext - Root WebApplicationContext: initialization completed in 1110 ms
2025-02-01 11:16:08 [main] INFO  org.apache.coyote.http11.Http11NioProtocol - Starting ProtocolHandler ["http-nio-8080"]
2025-02-01 11:16:08 [main] INFO  org.springframework.boot.web.embedded.tomcat.TomcatWebServer - Tomcat started on port 8080 (http) with context path '/'
2025-02-01 11:16:08 [main] INFO  com.limes.backend.LimesBackendApplication - Started LimesBackendApplication in 1.887 seconds (process running for 2.52)
2025-02-01 11:16:08 [main] INFO  org.hibernate.jpa.internal.util.LogHelper - HHH000204: Processing PersistenceUnitInfo [name: com.limes_LimesBackend_jar_0.0.1-SNAPSHOTPU]
2025-02-01 11:16:08 [main] INFO  org.hibernate.Version - HHH000412: Hibernate ORM core version 6.6.3.Final
2025-02-01 11:16:08 [main] INFO  org.hibernate.cache.internal.RegionFactoryInitiator - HHH000026: Second-level cache disabled
2025-02-01 11:16:08 [main] WARN  org.hibernate.orm.connections.pooling - HHH10001002: Using built-in connection pool (not intended for production use)
2025-02-01 11:16:09 [main] INFO  org.hibernate.orm.connections.pooling - HHH10001005: Database info:
	Database JDBC URL [jdbc:postgresql://192.168.50.70:5432/limes]
	Database driver: org.postgresql.Driver
	Database version: 17.2
	Autocommit mode: false
	Isolation level: undefined/unknown
	Minimum pool size: 1
	Maximum pool size: 20
2025-02-01 11:16:09 [main] INFO  org.hibernate.engine.transaction.jta.platform.internal.JtaPlatformInitiator - HHH000489: No JTA platform available (set 'hibernate.transaction.jta.platform' to enable JTA platform integration)
2025-02-01 11:16:13 [http-nio-8080-exec-1] INFO  org.apache.catalina.core.ContainerBase.[Tomcat].[localhost].[/] - Initializing Spring DispatcherServlet 'dispatcherServlet'
2025-02-01 11:16:13 [http-nio-8080-exec-1] INFO  org.springframework.web.servlet.DispatcherServlet - Initializing Servlet 'dispatcherServlet'
2025-02-01 11:16:13 [http-nio-8080-exec-1] INFO  org.springframework.web.servlet.DispatcherServlet - Completed initialization in 1 ms
2025-02-01 11:16:13 [http-nio-8080-exec-1] WARN  org.springframework.web.servlet.mvc.support.DefaultHandlerExceptionResolver - Resolved [org.springframework.web.bind.MethodArgumentNotValidException: Validation failed for argument [0] in public org.springframework.http.ResponseEntity com.limes.backend.rest.controllers.TestController.solveTest(com.limes.backend.rest.model.TestSolveRequestModel): [Field error in object 'testSolveRequestModel' on field 'email': rejected value []; codes [NotBlank.testSolveRequestModel.email,NotBlank.email,NotBlank.java.lang.String,NotBlank]; arguments [org.springframework.context.support.DefaultMessageSourceResolvable: codes [testSolveRequestModel.email,email]; arguments []; default message [email]]; default message [nem lehet üres]] ]
2025-02-01 11:35:04 [background-preinit] INFO  org.hibernate.validator.internal.util.Version - HV000001: Hibernate Validator 8.0.2.Final
2025-02-01 11:35:04 [main] INFO  com.limes.backend.LimesBackendApplication - Starting LimesBackendApplication using Java 17.0.8 with PID 18380 (C:\Users\Razer\Documents\NetBeansProjects\emese\limes-backend\LimesBackend\target\classes started by Razer in C:\Users\Razer\Documents\NetBeansProjects\emese\limes-backend\LimesBackend)
2025-02-01 11:35:04 [main] INFO  com.limes.backend.LimesBackendApplication - No active profile set, falling back to 1 default profile: "default"
2025-02-01 11:35:05 [main] INFO  org.springframework.boot.web.embedded.tomcat.TomcatWebServer - Tomcat initialized with port 8080 (http)
2025-02-01 11:35:05 [main] INFO  org.apache.coyote.http11.Http11NioProtocol - Initializing ProtocolHandler ["http-nio-8080"]
2025-02-01 11:35:05 [main] INFO  org.apache.catalina.core.StandardService - Starting service [Tomcat]
2025-02-01 11:35:05 [main] INFO  org.apache.catalina.core.StandardEngine - Starting Servlet engine: [Apache Tomcat/10.1.34]
2025-02-01 11:35:05 [main] INFO  org.apache.catalina.core.ContainerBase.[Tomcat].[localhost].[/] - Initializing Spring embedded WebApplicationContext
2025-02-01 11:35:05 [main] INFO  org.springframework.boot.web.servlet.context.ServletWebServerApplicationContext - Root WebApplicationContext: initialization completed in 1316 ms
2025-02-01 11:35:06 [main] INFO  org.apache.coyote.http11.Http11NioProtocol - Starting ProtocolHandler ["http-nio-8080"]
2025-02-01 11:35:06 [main] INFO  org.springframework.boot.web.embedded.tomcat.TomcatWebServer - Tomcat started on port 8080 (http) with context path '/'
2025-02-01 11:35:06 [main] INFO  com.limes.backend.LimesBackendApplication - Started LimesBackendApplication in 2.199 seconds (process running for 2.897)
2025-02-01 11:35:06 [main] INFO  org.hibernate.jpa.internal.util.LogHelper - HHH000204: Processing PersistenceUnitInfo [name: com.limes_LimesBackend_jar_0.0.1-SNAPSHOTPU]
2025-02-01 11:35:06 [main] INFO  org.hibernate.Version - HHH000412: Hibernate ORM core version 6.6.3.Final
2025-02-01 11:35:06 [main] INFO  org.hibernate.cache.internal.RegionFactoryInitiator - HHH000026: Second-level cache disabled
2025-02-01 11:35:06 [main] WARN  org.hibernate.orm.connections.pooling - HHH10001002: Using built-in connection pool (not intended for production use)
2025-02-01 11:35:07 [main] INFO  org.hibernate.orm.connections.pooling - HHH10001005: Database info:
	Database JDBC URL [jdbc:postgresql://192.168.50.70:5432/limes]
	Database driver: org.postgresql.Driver
	Database version: 17.2
	Autocommit mode: false
	Isolation level: undefined/unknown
	Minimum pool size: 1
	Maximum pool size: 20
2025-02-01 11:35:08 [main] INFO  org.hibernate.engine.transaction.jta.platform.internal.JtaPlatformInitiator - HHH000489: No JTA platform available (set 'hibernate.transaction.jta.platform' to enable JTA platform integration)
2025-02-01 11:36:23 [http-nio-8080-exec-2] INFO  org.apache.catalina.core.ContainerBase.[Tomcat].[localhost].[/] - Initializing Spring DispatcherServlet 'dispatcherServlet'
2025-02-01 11:36:23 [http-nio-8080-exec-2] INFO  org.springframework.web.servlet.DispatcherServlet - Initializing Servlet 'dispatcherServlet'
2025-02-01 11:36:23 [http-nio-8080-exec-2] INFO  org.springframework.web.servlet.DispatcherServlet - Completed initialization in 1 ms
2025-02-01 11:36:35 [http-nio-8080-exec-3] WARN  org.springframework.web.servlet.mvc.support.DefaultHandlerExceptionResolver - Resolved [org.springframework.http.converter.HttpMessageNotReadableException: JSON parse error: Unexpected character ('}' (code 125)): expected a value]
2025-02-01 11:36:48 [http-nio-8080-exec-5] WARN  org.springframework.web.servlet.mvc.support.DefaultHandlerExceptionResolver - Resolved [org.springframework.web.bind.MethodArgumentNotValidException: Validation failed for argument [0] in public com.limes.backend.rest.model.assignment.AssignmentResponseModel com.limes.backend.rest.controllers.LectureController.previousAssignment(com.limes.backend.rest.model.assignment.PreviousAssignmentRequestModel): [Field error in object 'previousAssignmentRequestModel' on field 'email': rejected value []; codes [NotBlank.previousAssignmentRequestModel.email,NotBlank.email,NotBlank.java.lang.String,NotBlank]; arguments [org.springframework.context.support.DefaultMessageSourceResolvable: codes [previousAssignmentRequestModel.email,email]; arguments []; default message [email]]; default message [nem lehet üres]] ]
